\BOOKMARK [1][-]{section.1}{\376\377\000A\000l\000g\000e\000b\000r\000a}{}% 1
\BOOKMARK [2][-]{subsection.1.1}{\376\377\000V\000o\000l\000g\000o\000r\000d\000e\000\040\000v\000a\000n\000\040\000B\000e\000w\000e\000r\000k\000i\000n\000g}{section.1}% 2
\BOOKMARK [2][-]{subsection.1.2}{\376\377\000A\000b\000s\000o\000l\000u\000t\000e\000\040\000W\000a\000a\000r\000d\000e}{section.1}% 3
\BOOKMARK [1][-]{section.2}{\376\377\000M\000a\000c\000h\000t\000e\000n\000\040\000e\000n\000\040\000w\000o\000r\000t\000e\000l\000s}{}% 4
\BOOKMARK [2][-]{subsection.2.1}{\376\377\000M\000a\000c\000h\000t\000e\000n\000\040\000m\000e\000t\000\040\000G\000e\000h\000e\000l\000e\000\040\000E\000x\000p\000o\000n\000e\000n\000t\000e\000n}{section.2}% 5
\BOOKMARK [2][-]{subsection.2.2}{\376\377\000V\000i\000e\000r\000k\000a\000n\000t\000s\000w\000o\000r\000t\000e\000l\000\040\000i\000n\000\040\000R}{section.2}% 6
\BOOKMARK [2][-]{subsection.2.3}{\376\377\000N\000-\000d\000e\000\040\000m\000a\000c\000h\000t\000s\000w\000o\000r\000t\000e\000l\000\040\000i\000n\000\040\000R}{section.2}% 7
\BOOKMARK [2][-]{subsection.2.4}{\376\377\000m\000n\000-\000d\000e\000\040\000m\000a\000c\000h\000t\000s\000w\000o\000r\000t\000e\000l\000\040\000i\000n\000\040\000R\000\040}{section.2}% 8
\BOOKMARK [1][-]{section.3}{\376\377\000V\000e\000e\000l\000t\000e\000r\000m\000e\000n}{}% 9
\BOOKMARK [2][-]{subsection.3.1}{\376\377\000V\000i\000e\000r\000k\000a\000n\000t\000s\000v\000e\000r\000g\000e\000l\000i\000j\000k\000i\000n\000g}{section.3}% 10
\BOOKMARK [2][-]{subsection.3.2}{\376\377\000M\000e\000r\000k\000w\000a\000a\000r\000d\000i\000g\000e\000\040\000P\000r\000o\000d\000u\000c\000t\000e\000n\000\040\000e\000n\000\040\000O\000n\000t\000b\000i\000n\000d\000i\000n\000g\000\040\000i\000n\000\040\000F\000a\000c\000t\000o\000r\000e\000n}{section.3}% 11
\BOOKMARK [2][-]{subsection.3.3}{\376\377\000E\000u\000c\000l\000i\000d\000i\000s\000c\000h\000e\000\040\000D\000e\000l\000i\000n\000g}{section.3}% 12
\BOOKMARK [2][-]{subsection.3.4}{\376\377\000S\000c\000h\000e\000m\000a\000\040\000v\000a\000n\000\040\000H\000o\000r\000n\000e\000r}{section.3}% 13
\BOOKMARK [1][-]{section.4}{\376\377\000C\000o\000m\000p\000l\000e\000x\000e\000\040\000g\000e\000t\000a\000l\000l\000e\000n}{}% 14
\BOOKMARK [2][-]{subsection.4.1}{\376\377\000R\000e\000c\000h\000t\000h\000o\000e\000k\000i\000g\000e\000\040\000c\000o\000o\000r\000d\000i\000n\000a\000t\000e\000n}{section.4}% 15
\BOOKMARK [2][-]{subsection.4.2}{\376\377\000P\000o\000o\000l\000c\000o\000\366\000r\000d\000i\000n\000a\000t\000e\000n}{section.4}% 16
\BOOKMARK [1][-]{section.5}{\376\377\000G\000o\000n\000i\000o\000m\000e\000t\000r\000i\000e}{}% 17
\BOOKMARK [2][-]{subsection.5.1}{\376\377\000D\000e\000\040\000G\000o\000n\000i\000o\000m\000e\000t\000r\000i\000s\000c\000h\000e\000\040\000C\000i\000r\000k\000e\000l}{section.5}% 18
\BOOKMARK [2][-]{subsection.5.2}{\376\377\000f\000o\000r\000m\000u\000l\000e\000s\000\040\000u\000i\000t\000\040\000d\000e\000\040\000g\000o\000n\000i\000o\000m\000e\000t\000r\000i\000e}{section.5}% 19
\BOOKMARK [2][-]{subsection.5.3}{\376\377\000O\000m\000g\000e\000k\000e\000e\000r\000d\000e\000\040\000f\000o\000r\000m\000u\000l\000e\000s\000\040\000v\000a\000n\000\040\000S\000i\000m\000p\000s\000o\000n}{section.5}% 20
\BOOKMARK [2][-]{subsection.5.4}{\376\377\000F\000o\000r\000m\000u\000l\000e\000s\000\040\000v\000a\000n\000\040\000S\000i\000m\000p\000s\000o\000n}{section.5}% 21
\BOOKMARK [2][-]{subsection.5.5}{\376\377\000B\000e\000l\000a\000n\000g\000r\000i\000j\000k\000e\000\040\000g\000o\000n\000i\000o\000m\000e\000t\000r\000i\000s\000c\000h\000e\000\040\000w\000a\000a\000r\000d\000e\000n}{section.5}% 22
\BOOKMARK [1][-]{section.6}{\376\377\000M\000e\000e\000t\000k\000u\000n\000d\000e}{}% 23
\BOOKMARK [2][-]{subsection.6.1}{\376\377\000D\000e\000\040\000C\000i\000r\000k\000e\000l}{section.6}% 24
\BOOKMARK [2][-]{subsection.6.2}{\376\377\000D\000e\000\040\000P\000a\000r\000a\000b\000o\000o\000l}{section.6}% 25
\BOOKMARK [1][-]{section.7}{\376\377\000A\000n\000a\000l\000y\000s\000e}{}% 26
\BOOKMARK [2][-]{subsection.7.1}{\376\377\000L\000i\000m\000i\000e\000t\000e\000n\000\040\000v\000a\000n\000\040\000F\000u\000n\000c\000t\000i\000e\000s}{section.7}% 27
\BOOKMARK [2][-]{subsection.7.2}{\376\377\000A\000f\000g\000e\000l\000e\000i\000d\000e\000n}{section.7}% 28
\BOOKMARK [1][-]{section.8}{\376\377\000M\000a\000t\000r\000i\000c\000e\000s}{}% 29
\BOOKMARK [2][-]{subsection.8.1}{\376\377\000R\000e\000k\000e\000n\000r\000e\000g\000e\000l\000s}{section.8}% 30
\BOOKMARK [1][-]{section.9}{\376\377\000C\000o\000m\000b\000i\000n\000a\000t\000i\000e\000l\000e\000e\000r}{}% 31
\BOOKMARK [2][-]{subsection.9.1}{\376\377\000K\000e\000u\000z\000e\000s\000\040\000z\000o\000n\000d\000e\000r\000\040\000H\000e\000r\000h\000a\000l\000i\000n\000g}{section.9}% 32
\BOOKMARK [1][-]{section.10}{\376\377\000K\000a\000n\000s\000r\000e\000k\000e\000n\000i\000n\000g}{}% 33
\BOOKMARK [2][-]{subsection.10.1}{\376\377\000V\000o\000o\000r\000w\000a\000a\000r\000d\000e\000l\000i\000j\000k\000e\000\040\000K\000a\000n\000s}{section.10}% 34
\BOOKMARK [1][-]{section.11}{\376\377\000S\000t\000a\000t\000i\000s\000t\000i\000e\000k}{}% 35
\BOOKMARK [2][-]{subsection.11.1}{\376\377\000N\000o\000r\000m\000a\000a\000l\000v\000e\000r\000d\000e\000l\000i\000n\000g}{section.11}% 36
\BOOKMARK [1][-]{section.12}{\376\377\000D\000i\000v\000e\000r\000s\000e\000n}{}% 37
\BOOKMARK [2][-]{subsection.12.1}{\376\377\000W\000i\000s\000k\000u\000n\000d\000i\000g\000e\000\040\000S\000y\000m\000b\000o\000l\000e\000n}{section.12}% 38
