\BOOKMARK [1][-]{section.1}{\376\377\000A\000l\000g\000e\000b\000r\000a}{}% 1
\BOOKMARK [2][-]{subsection.1.1}{\376\377\000V\000o\000l\000g\000o\000r\000d\000e\000\040\000v\000a\000n\000\040\000B\000e\000w\000e\000r\000k\000i\000n\000g}{section.1}% 2
\BOOKMARK [2][-]{subsection.1.2}{\376\377\000A\000b\000s\000o\000l\000u\000t\000e\000\040\000W\000a\000a\000r\000d\000e}{section.1}% 3
\BOOKMARK [1][-]{section.2}{\376\377\000M\000a\000c\000h\000t\000e\000n\000\040\000e\000n\000\040\000w\000o\000r\000t\000e\000l\000s}{}% 4
\BOOKMARK [2][-]{subsection.2.1}{\376\377\000M\000a\000c\000h\000t\000e\000n\000\040\000m\000e\000t\000\040\000G\000e\000h\000e\000l\000e\000\040\000E\000x\000p\000o\000n\000e\000n\000t\000e\000n}{section.2}% 5
\BOOKMARK [2][-]{subsection.2.2}{\376\377\000V\000i\000e\000r\000k\000a\000n\000t\000s\000w\000o\000r\000t\000e\000l\000\040\000i\000n\000\040\000R}{section.2}% 6
\BOOKMARK [2][-]{subsection.2.3}{\376\377\000N\000-\000d\000e\000\040\000m\000a\000c\000h\000t\000s\000w\000o\000r\000t\000e\000l\000\040\000i\000n\000\040\000R}{section.2}% 7
\BOOKMARK [2][-]{subsection.2.4}{\376\377\000m\000n\000-\000d\000e\000\040\000m\000a\000c\000h\000t\000s\000w\000o\000r\000t\000e\000l\000\040\000i\000n\000\040\000R\000\040}{section.2}% 8
\BOOKMARK [1][-]{section.3}{\376\377\000V\000e\000e\000l\000t\000e\000r\000m\000e\000n}{}% 9
\BOOKMARK [2][-]{subsection.3.1}{\376\377\000V\000i\000e\000r\000k\000a\000n\000t\000s\000v\000e\000r\000g\000e\000l\000i\000j\000k\000i\000n\000g}{section.3}% 10
\BOOKMARK [2][-]{subsection.3.2}{\376\377\000M\000e\000r\000k\000w\000a\000a\000r\000d\000i\000g\000e\000\040\000P\000r\000o\000d\000u\000c\000t\000e\000n\000\040\000e\000n\000\040\000O\000n\000t\000b\000i\000n\000d\000i\000n\000g\000\040\000i\000n\000\040\000F\000a\000c\000t\000o\000r\000e\000n}{section.3}% 11
\BOOKMARK [2][-]{subsection.3.3}{\376\377\000E\000u\000c\000l\000i\000d\000i\000s\000c\000h\000e\000\040\000D\000e\000l\000i\000n\000g}{section.3}% 12
\BOOKMARK [2][-]{subsection.3.4}{\376\377\000S\000c\000h\000e\000m\000a\000\040\000v\000a\000n\000\040\000H\000o\000r\000n\000e\000r}{section.3}% 13
\BOOKMARK [1][-]{section.4}{\376\377\000C\000o\000m\000p\000l\000e\000x\000e\000\040\000g\000e\000t\000a\000l\000l\000e\000n}{}% 14
\BOOKMARK [2][-]{subsection.4.1}{\376\377\000R\000e\000c\000h\000t\000h\000o\000e\000k\000i\000g\000e\000\040\000c\000o\000o\000r\000d\000i\000n\000a\000t\000e\000n}{section.4}% 15
\BOOKMARK [2][-]{subsection.4.2}{\376\377\000P\000o\000o\000l\000c\000o\000\366\000r\000d\000i\000n\000a\000t\000e\000n}{section.4}% 16
\BOOKMARK [1][-]{section.5}{\376\377\000G\000o\000n\000i\000o\000m\000e\000t\000r\000i\000e}{}% 17
\BOOKMARK [2][-]{subsection.5.1}{\376\377\000D\000e\000\040\000G\000o\000n\000i\000o\000m\000e\000t\000r\000i\000s\000c\000h\000e\000\040\000C\000i\000r\000k\000e\000l}{section.5}% 18
\BOOKMARK [2][-]{subsection.5.2}{\376\377\000f\000o\000r\000m\000u\000l\000e\000s\000\040\000u\000i\000t\000\040\000d\000e\000\040\000g\000o\000n\000i\000o\000m\000e\000t\000r\000i\000e}{section.5}% 19
\BOOKMARK [2][-]{subsection.5.3}{\376\377\000V\000e\000r\000w\000a\000n\000t\000e\000\040\000h\000o\000e\000k\000e\000n}{section.5}% 20
\BOOKMARK [2][-]{subsection.5.4}{\376\377\000B\000e\000l\000a\000n\000g\000r\000i\000j\000k\000e\000\040\000g\000o\000n\000i\000o\000m\000e\000t\000r\000i\000s\000c\000h\000e\000\040\000w\000a\000a\000r\000d\000e\000n}{section.5}% 21
\BOOKMARK [2][-]{subsection.5.5}{\376\377\000R\000a\000d\000i\000a\000a\000l}{section.5}% 22
\BOOKMARK [2][-]{subsection.5.6}{\376\377\000S\000i\000n\000u\000s\000r\000e\000g\000e\000l\000\040\000e\000n\000\040\000c\000o\000s\000i\000n\000u\000s\000r\000e\000g\000e\000l}{section.5}% 23
\BOOKMARK [2][-]{subsection.5.7}{\376\377\000S\000o\000m\000-\000\040\000e\000n\000\040\000v\000e\000r\000s\000c\000h\000i\000l\000f\000o\000r\000m\000u\000l\000e\000s}{section.5}% 24
\BOOKMARK [2][-]{subsection.5.8}{\376\377\000O\000m\000g\000e\000k\000e\000e\000r\000d\000e\000\040\000f\000o\000r\000m\000u\000l\000e\000s\000\040\000v\000a\000n\000\040\000S\000i\000m\000p\000s\000o\000n}{section.5}% 25
\BOOKMARK [2][-]{subsection.5.9}{\376\377\000F\000o\000r\000m\000u\000l\000e\000s\000\040\000v\000a\000n\000\040\000S\000i\000m\000p\000s\000o\000n}{section.5}% 26
\BOOKMARK [2][-]{subsection.5.10}{\376\377\000C\000y\000c\000l\000o\000m\000e\000t\000r\000i\000s\000c\000h\000e\000\040\000f\000o\000r\000m\000u\000l\000e\000s}{section.5}% 27
\BOOKMARK [1][-]{section.6}{\376\377\000M\000e\000e\000t\000k\000u\000n\000d\000e}{}% 28
\BOOKMARK [2][-]{subsection.6.1}{\376\377\000D\000e\000\040\000c\000i\000r\000k\000e\000l}{section.6}% 29
\BOOKMARK [2][-]{subsection.6.2}{\376\377\000D\000e\000\040\000p\000a\000r\000a\000b\000o\000o\000l}{section.6}% 30
\BOOKMARK [2][-]{subsection.6.3}{\376\377\000D\000e\000\040\000e\000l\000l\000i\000p\000s}{section.6}% 31
\BOOKMARK [2][-]{subsection.6.4}{\376\377\000D\000e\000\040\000h\000y\000p\000e\000r\000b\000o\000o\000l}{section.6}% 32
\BOOKMARK [2][-]{subsection.6.5}{\376\377\000O\000p\000p\000e\000r\000v\000l\000a\000k\000t\000e\000\040\000F\000o\000r\000m\000u\000l\000e\000s}{section.6}% 33
\BOOKMARK [2][-]{subsection.6.6}{\376\377\000V\000o\000l\000u\000m\000e\000\040\000F\000o\000r\000m\000u\000l\000e\000s}{section.6}% 34
\BOOKMARK [2][-]{subsection.6.7}{\376\377\000B\000a\000s\000i\000s\000\040\000r\000e\000\353\000l\000e\000\040\000f\000u\000n\000c\000t\000i\000e\000s}{section.6}% 35
\BOOKMARK [1][-]{section.7}{\376\377\000A\000n\000a\000l\000y\000s\000e}{}% 36
\BOOKMARK [2][-]{subsection.7.1}{\376\377\000L\000i\000m\000i\000e\000t\000e\000n\000\040\000v\000a\000n\000\040\000r\000i\000j\000e\000n\000\051}{section.7}% 37
\BOOKMARK [2][-]{subsection.7.2}{\376\377\000L\000i\000m\000i\000e\000t\000e\000n\000\040\000v\000a\000n\000\040\000f\000u\000n\000c\000t\000i\000e\000s}{section.7}% 38
\BOOKMARK [2][-]{subsection.7.3}{\376\377\000L\000i\000m\000i\000e\000t\000e\000n\000\040\000v\000a\000n\000\040\000g\000o\000n\000i\000o\000m\000e\000t\000r\000i\000s\000c\000h\000e}{section.7}% 39
\BOOKMARK [2][-]{subsection.7.4}{\376\377\000M\000e\000t\000h\000o\000d\000e\000s\000\040\000b\000i\000j\000\040\000h\000e\000t\000\040\000b\000e\000r\000e\000k\000e\000n\000e\000n\000\040\000v\000a\000n\000\040\000l\000i\000m\000i\000e\000t\000e\000n\000\040\000v\000a\000n\000\040\000f\000u\000n\000c\000t\000i\000e\000s}{section.7}% 40
\BOOKMARK [2][-]{subsection.7.5}{\376\377\000A\000f\000g\000e\000l\000e\000i\000d\000e\000n\000\040\000-\000\040\000d\000i\000f\000f\000e\000r\000e\000n\000t\000i\000a\000l\000e\000n}{section.7}% 41
\BOOKMARK [2][-]{subsection.7.6}{\376\377\000A\000f\000g\000e\000l\000e\000i\000d\000e\000n\000\040\000-\000\040\000f\000u\000n\000d\000a\000m\000e\000n\000t\000e\000l\000e\000\040\000i\000n\000t\000e\000g\000r\000a\000l\000e\000n}{section.7}% 42
\BOOKMARK [2][-]{subsection.7.7}{\376\377\000P\000a\000r\000t\000i\000\353\000l\000e\000\040\000i\000n\000t\000e\000g\000r\000a\000t\000i\000e}{section.7}% 43
\BOOKMARK [1][-]{section.8}{\376\377\000S\000t\000a\000t\000i\000s\000t\000i\000e\000k}{}% 44
\BOOKMARK [2][-]{subsection.8.1}{\376\377\000T\000e\000s\000t\000\040\000v\000a\000n\000\040\000e\000e\000n\000\040\000h\000y\000p\000o\000t\000h\000e\000s\000e\000\040\000o\000v\000e\000r\000\040\000h\000e\000t\000\040\000g\000e\000m\000i\000d\000d\000e\000l\000d\000e\000\040\000v\000a\000n\000\040\000e\000e\000n\000\040\000n\000o\000r\000m\000a\000a\000l\000v\000e\000r\000d\000e\000l\000i\000n\000g}{section.8}% 45
\BOOKMARK [2][-]{subsection.8.2}{\376\377\000T\000e\000s\000t\000\040\000v\000a\000n\000\040\000e\000e\000n\000\040\000h\000y\000p\000o\000t\000h\000e\000s\000e\000\040\000o\000v\000e\000r\000\040\000e\000e\000n\000\040\000p\000o\000p\000u\000l\000a\000t\000i\000e\000p\000r\000o\000p\000o\000r\000t\000i\000e}{section.8}% 46
\BOOKMARK [2][-]{subsection.8.3}{\376\377\000T\000e\000s\000t\000\040\000v\000a\000n\000\040\000e\000e\000n\000\040\000h\000y\000p\000o\000t\000h\000e\000s\000e\000\040\000o\000v\000e\000r\000\040\000h\000e\000t\000\040\000g\000e\000m\000i\000d\000d\000e\000l\000d\000e\000\040\000v\000a\000n\000\040\000e\000e\000n\000\040\000n\000o\000r\000m\000a\000a\000l\000v\000e\000r\000d\000e\000l\000i\000n\000g\000\040\000v\000i\000a\000\040\000d\000e\000\040\000P\000-\000w\000a\000a\000r\000d\000e}{section.8}% 47
\BOOKMARK [2][-]{subsection.8.4}{\376\377\000T\000e\000s\000t\000\040\000v\000a\000n\000\040\000e\000e\000n\000\040\000h\000y\000p\000o\000t\000h\000e\000s\000e\000\040\000o\000v\000e\000r\000\040\000e\000e\000n\000\040\000p\000o\000p\000u\000l\000a\000t\000i\000e\000p\000r\000o\000p\000o\000r\000t\000i\000e\000\040\000v\000i\000a\000\040\000d\000e\000\040\000P\000-\000w\000a\000a\000r\000d\000e}{section.8}% 48
\BOOKMARK [1][-]{section.9}{\376\377\000D\000i\000v\000e\000r\000s\000e\000n}{}% 49
\BOOKMARK [2][-]{subsection.9.1}{\376\377\000W\000i\000s\000k\000u\000n\000d\000i\000g\000e\000\040\000S\000y\000m\000b\000o\000l\000e\000n\000\040\000\050\000I\000S\000O\000\040\0003\0001\000/\000X\000I\000\051}{section.9}% 50
\BOOKMARK [2][-]{subsection.9.2}{\376\377\000L\000o\000g\000i\000s\000c\000h\000e\000\040\000s\000y\000m\000b\000o\000l\000e\000n}{section.9}% 51
\BOOKMARK [1][-]{subsection.9.2}{\376\377\000A\000a\000n\000v\000u\000l\000l\000i\000n\000g\000e\000n\000\040\000u\000i\000t\000\040\000h\000e\000t\000\040\000W\000o\000r\000d\000-\000f\000o\000r\000m\000u\000l\000a\000r\000i\000u\000m}{}% 52
\BOOKMARK [1][-]{section.10}{\376\377\000A\000l\000g\000e\000b\000r\000a}{}% 53
\BOOKMARK [2][-]{subsection.10.1}{\376\377\000V\000o\000l\000g\000o\000r\000d\000e\000\040\000v\000a\000n\000\040\000b\000e\000w\000e\000r\000k\000i\000n\000g\000e\000n}{section.10}% 54
\BOOKMARK [2][-]{subsection.10.2}{\376\377\000A\000b\000s\000o\000l\000u\000t\000e\000\040\000w\000a\000a\000r\000d}{section.10}% 55
\BOOKMARK [2][-]{subsection.10.3}{\376\377\000M\000a\000c\000h\000t\000e\000n\000\040\000m\000e\000t\000\040\000g\000e\000h\000e\000l\000e\000\040\000e\000x\000p\000o\000n\000e\000n\000t\000e\000n}{section.10}% 56
\BOOKMARK [2][-]{subsection.10.4}{\376\377\000M\000a\000c\000h\000t\000s\000w\000o\000r\000t\000e\000l\000s}{section.10}% 57
\BOOKMARK [3][-]{subsubsection.10.4.1}{\376\377\000V\000i\000e\000r\000k\000a\000n\000t\000s\000w\000o\000r\000t\000e\000l\000\040\000i\000n}{subsection.10.4}% 58
\BOOKMARK [3][-]{subsubsection.10.4.2}{\376\377\000N\000-\000d\000e\000\040\000m\000a\000c\000h\000t\000s\000w\000o\000r\000t\000e\000l\000\040\000i\000n}{subsection.10.4}% 59
\BOOKMARK [3][-]{subsubsection.10.4.3}{\376\377\000-\000d\000e\000\040\000m\000a\000c\000h\000t\000s\000w\000o\000r\000t\000e\000l\000\040\000i\000n}{subsection.10.4}% 60
\BOOKMARK [1][-]{section.11}{\376\377\000V\000e\000e\000l\000t\000e\000r\000m\000e\000n}{}% 61
\BOOKMARK [2][-]{subsection.11.1}{\376\377\000V\000i\000e\000r\000k\000a\000n\000t\000s\000v\000e\000r\000g\000e\000l\000i\000j\000k\000i\000n\000g}{section.11}% 62
\BOOKMARK [2][-]{subsection.11.2}{\376\377\000M\000e\000r\000k\000w\000a\000a\000r\000d\000i\000g\000e\000\040\000p\000r\000o\000d\000u\000c\000t\000e\000n\000\040\040\023\000\040\000o\000n\000t\000b\000i\000n\000d\000i\000n\000g\000\040\000i\000n\000\040\000f\000a\000c\000t\000o\000r\000e\000n\000.}{section.11}% 63
\BOOKMARK [2][-]{subsection.11.3}{\376\377\000D\000e\000\040\000e\000u\000c\000l\000i\000d\000i\000s\000c\000h\000e\000\040\000d\000e\000l\000i\000n\000g}{section.11}% 64
\BOOKMARK [2][-]{subsection.11.4}{\376\377\000R\000e\000k\000e\000n\000s\000c\000h\000e\000m\000a\000\040\000v\000a\000n\000\040\000H\000o\000r\000n\000e\000r\000.}{section.11}% 65
\BOOKMARK [1][-]{section.12}{\376\377\000C\000o\000m\000p\000l\000e\000x\000e\000\040\000g\000e\000t\000a\000l\000l\000e\000n}{}% 66
\BOOKMARK [1][-]{section.13}{\376\377\000G\000o\000n\000i\000o\000m\000e\000t\000r\000i\000e}{}% 67
\BOOKMARK [2][-]{subsection.13.1}{\376\377\000D\000e\000\040\000g\000o\000n\000i\000o\000m\000e\000t\000r\000i\000s\000c\000h\000e\000\040\000c\000i\000r\000k\000e\000l\000.}{section.13}% 68
\BOOKMARK [2][-]{subsection.13.2}{\376\377\000F\000o\000r\000m\000u\000l\000e\000s\000\040\000u\000i\000t\000\040\000d\000e\000\040\000g\000o\000n\000i\000o\000m\000e\000t\000r\000i\000e}{section.13}% 69
\BOOKMARK [2][-]{subsection.13.3}{\376\377\000O\000m\000g\000e\000k\000e\000e\000r\000d\000e\000\040\000f\000o\000r\000m\000u\000l\000e\000s\000\040\000v\000a\000n\000\040\000S\000i\000m\000p\000s\000o\000n}{section.13}% 70
\BOOKMARK [2][-]{subsection.13.4}{\376\377\000F\000o\000r\000m\000u\000l\000e\000s\000\040\000v\000a\000n\000\040\000S\000i\000m\000p\000s\000o\000n}{section.13}% 71
\BOOKMARK [2][-]{subsection.13.5}{\376\377\000B\000e\000l\000a\000n\000g\000r\000i\000j\000k\000e\000\040\000g\000o\000n\000i\000o\000m\000e\000t\000r\000i\000s\000c\000h\000e\000\040\000w\000a\000a\000r\000d\000e\000n}{section.13}% 72
\BOOKMARK [2][-]{subsection.13.6}{\376\377\000C\000y\000c\000l\000o\000m\000e\000t\000r\000i\000s\000c\000h\000e\000\040\000f\000o\000r\000m\000u\000l\000e\000s}{section.13}% 73
\BOOKMARK [1][-]{section.14}{\376\377\000M\000e\000e\000t\000k\000u\000n\000d\000e}{}% 74
\BOOKMARK [2][-]{subsection.14.1}{\376\377\000D\000e\000\040\000c\000i\000r\000k\000e\000l}{section.14}% 75
\BOOKMARK [2][-]{subsection.14.2}{\376\377\000D\000e\000\040\000p\000a\000r\000a\000b\000o\000o\000l}{section.14}% 76
\BOOKMARK [2][-]{subsection.14.3}{\376\377\000D\000e\000\040\000e\000l\000l\000i\000p\000s}{section.14}% 77
\BOOKMARK [2][-]{subsection.14.4}{\376\377\000D\000e\000\040\000h\000y\000p\000e\000r\000b\000o\000o\000l}{section.14}% 78
\BOOKMARK [1][-]{section.15}{\376\377\000O\000p\000p\000e\000r\000v\000l\000a\000k\000t\000e\000\040\000e\000n\000\040\000i\000n\000h\000o\000u\000d\000\040\000b\000e\000l\000a\000n\000g\000r\000i\000j\000k\000e\000\040\000r\000u\000i\000m\000t\000e\000f\000i\000g\000u\000r\000e\000n}{}% 79
\BOOKMARK [1][-]{section.16}{\376\377\000R\000e\000\353\000l\000e\000\040\000f\000u\000n\000c\000t\000i\000e\000s}{}% 80
\BOOKMARK [1][-]{section.17}{\376\377\000A\000n\000a\000l\000y\000s\000e}{}% 81
\BOOKMARK [2][-]{subsection.17.1}{\376\377\000L\000i\000m\000i\000e\000t\000e\000n\000\040\000v\000a\000n\000\040\000r\000i\000j\000e\000n}{section.17}% 82
\BOOKMARK [2][-]{subsection.17.2}{\376\377\000L\000i\000m\000i\000e\000t\000e\000n\000\040\000v\000a\000n\000\040\000f\000u\000n\000c\000t\000i\000e\000s}{section.17}% 83
\BOOKMARK [2][-]{subsection.17.3}{\376\377\000M\000e\000t\000h\000o\000d\000e\000s\000\040\000b\000i\000j\000\040\000h\000e\000t\000\040\000b\000e\000r\000e\000k\000e\000n\000e\000n\000\040\000v\000a\000n\000\040\000l\000i\000m\000i\000e\000t\000e\000n\000\040\000v\000a\000n\000\040\000f\000u\000n\000c\000t\000i\000e\000s}{section.17}% 84
\BOOKMARK [2][-]{subsection.17.4}{\376\377\000A\000f\000g\000e\000l\000e\000i\000d\000e\000n\000\040\000-\000\040\000f\000u\000n\000d\000a\000m\000e\000n\000t\000e\000l\000e\000\040\000i\000n\000t\000e\000g\000r\000a\000l\000e\000n}{section.17}% 85
\BOOKMARK [2][-]{subsection.17.5}{\376\377\000P\000a\000r\000t\000i\000\353\000l\000e\000\040\000i\000n\000t\000e\000g\000r\000a\000t\000i\000e}{section.17}% 86
\BOOKMARK [2][-]{subsection.17.6}{\376\377\000F\000u\000n\000d\000a\000m\000e\000n\000t\000e\000l\000e\000\040\000i\000n\000t\000e\000g\000r\000a\000l\000e\000n}{section.17}% 87
\BOOKMARK [2][-]{subsection.17.7}{\376\377\000F\000o\000r\000m\000u\000l\000e\000s\000\040\000b\000i\000j\000\040\000h\000e\000t\000\040\000o\000p\000l\000o\000s\000s\000e\000n\000\040\000v\000a\000n\000\040\000g\000o\000n\000i\000o\000m\000e\000t\000r\000i\000s\000c\000h\000e\000\040\000i\000n\000t\000e\000g\000r\000a\000l\000e\000n}{section.17}% 88
\BOOKMARK [2][-]{subsection.17.8}{\376\377\000I\000n\000t\000e\000g\000r\000a\000l\000e\000n\000\040\000v\000a\000n\000\040\000r\000a\000t\000i\000o\000n\000a\000l\000e\000\040\000f\000u\000n\000c\000t\000i\000e\000s}{section.17}% 89
\BOOKMARK [2][-]{subsection.17.9}{\376\377\000I\000n\000t\000e\000g\000r\000a\000l\000e\000n\000\040\000v\000a\000n\000\040\000i\000r\000r\000a\000t\000i\000o\000n\000a\000l\000e\000\040\000f\000u\000n\000c\000t\000i\000e\000s}{section.17}% 90
\BOOKMARK [2][-]{subsection.17.10}{\376\377\000I\000n\000t\000e\000g\000r\000a\000l\000e\000n\000\040\000i\000n\000h\000o\000u\000d\000\040\000-\000\040\000l\000e\000n\000g\000t\000e}{section.17}% 91
\BOOKMARK [2][-]{subsection.17.11}{\376\377\000E\000x\000p\000o\000n\000e\000n\000t\000i\000\353\000l\000e\000\040\000e\000n\000\040\000l\000o\000g\000a\000r\000i\000t\000m\000i\000s\000c\000h\000e\000\040\000f\000u\000n\000c\000t\000i\000e\000s}{section.17}% 92
\BOOKMARK [2][-]{subsection.17.12}{\376\377\000M\000a\000c\000l\000a\000u\000r\000i\000n\000r\000e\000e\000k\000s\000e\000n\000,\000\040\000h\000y\000p\000e\000r\000b\000o\000l\000i\000s\000c\000h\000e\000\040\000f\000u\000n\000c\000t\000i\000e\000s\000.}{section.17}% 93
\BOOKMARK [1][-]{section.18}{\376\377\000D\000i\000f\000f\000e\000r\000e\000n\000t\000i\000a\000a\000l}{}% 94
\BOOKMARK [2][-]{subsection.18.1}{\376\377\000P\000a\000r\000t\000i\000\353\000l\000e\000\040\000d\000i\000f\000f\000e\000r\000e\000n\000t\000i\000a\000a\000l}{section.18}% 95
\BOOKMARK [2][-]{subsection.18.2}{\376\377\000D\000i\000f\000f\000e\000r\000e\000n\000t\000i\000a\000a\000l\000\040\000v\000e\000r\000g\000e\000l\000i\000j\000k\000i\000n\000g\000e\000n}{section.18}% 96
\BOOKMARK [1][-]{section.19}{\376\377\000L\000o\000g\000i\000c\000a\000\040\000e\000n\000\040\000v\000e\000r\000z\000a\000m\000e\000l\000i\000n\000g\000e\000n}{}% 97
\BOOKMARK [1][-]{section.20}{\376\377\000M\000a\000t\000r\000i\000c\000e\000s}{}% 98
\BOOKMARK [2][-]{subsection.20.1}{\376\377\000S\000y\000m\000b\000o\000l\000e\000n}{section.20}% 99
\BOOKMARK [2][-]{subsection.20.2}{\376\377\000R\000e\000k\000e\000n\000r\000e\000g\000e\000l\000s}{section.20}% 100
\BOOKMARK [2][-]{subsection.20.3}{\376\377\000D\000e\000t\000e\000r\000m\000i\000n\000a\000n\000t\000e\000n}{section.20}% 101
\BOOKMARK [2][-]{subsection.20.4}{\376\377\000S\000t\000e\000l\000s\000e\000l\000s\000\040\000o\000p\000l\000o\000s\000s\000e\000n}{section.20}% 102
\BOOKMARK [3][-]{subsubsection.20.4.1}{\376\377\000n\000\040\000v\000e\000r\000g\000e\000l\000i\000j\000k\000i\000n\000g\000e\000n\000\040\000n\000\040\000o\000n\000b\000e\000k\000e\000n\000d\000e\000n\000\040\000m\000e\000t\000\040\000e\000x\000o\000r\000p\000d\000f\000s\000t\000r\000i\000n\000g\000|\000A\000|\000\040\000e\000q\000\040\0000\000|\000A\000|\000\040\000!\000=\000\040\0000}{subsection.20.4}% 103
\BOOKMARK [3][-]{subsubsection.20.4.2}{\376\377\000h\000o\000m\000o\000g\000e\000n\000e\000\040\0002\000x\0003\000-\000s\000t\000e\000l\000s\000e\000l\000s}{subsection.20.4}% 104
\BOOKMARK [3][-]{subsubsection.20.4.3}{\376\377\000n\000+\0001\000\040\000e\000e\000r\000s\000t\000e\000g\000r\000a\000a\000d\000s\000v\000e\000r\000g\000e\000l\000i\000j\000k\000i\000n\000g\000e\000n\000\040\000n\000\040\000o\000n\000b\000e\000k\000e\000n\000d\000e\000n}{subsection.20.4}% 105
\BOOKMARK [3][-]{subsubsection.20.4.4}{\376\377\000n\000\040\000e\000e\000r\000s\000t\000e\000g\000r\000a\000a\000d\000s\000v\000e\000r\000g\000e\000l\000i\000j\000k\000i\000n\000g\000e\000n\000\040\000m\000e\000t\000\040\000n\000\040\000o\000n\000b\000e\000k\000e\000n\000d\000e\000n\000\040\040\046\040\046\040\046\000.}{subsection.20.4}% 106
\BOOKMARK [1][-]{section.21}{\376\377\000C\000o\000m\000b\000i\000n\000a\000t\000i\000e\000l\000e\000e\000r}{}% 107
\BOOKMARK [2][-]{subsection.21.1}{\376\377\000K\000e\000u\000z\000e\000s\000\040\000z\000o\000n\000d\000e\000r\000\040\000h\000e\000r\000h\000a\000l\000i\000n\000g}{section.21}% 108
\BOOKMARK [2][-]{subsection.21.2}{\376\377\000K\000e\000u\000z\000e\000s\000\040\000m\000e\000t\000\040\000h\000e\000r\000h\000a\000l\000i\000n\000g}{section.21}% 109
\BOOKMARK [1][-]{section.22}{\376\377\000K\000a\000n\000s}{}% 110
\BOOKMARK [1][-]{section.23}{\376\377\000S\000t\000a\000t\000i\000s\000t\000i\000e\000k}{}% 111
\BOOKMARK [2][-]{subsection.23.1}{\376\377\000S\000c\000h\000a\000t\000t\000e\000r\000s\000,\000\040\000b\000e\000t\000r\000o\000u\000w\000b\000a\000a\000r\000h\000e\000i\000d\000s\000i\000n\000t\000e\000r\000v\000a\000l\000l\000e\000n}{section.23}% 112
\BOOKMARK [2][-]{subsection.23.2}{\376\377\000R\000e\000g\000r\000e\000s\000s\000i\000e}{section.23}% 113
\BOOKMARK [2][-]{subsection.23.3}{\376\377\000H\000y\000p\000o\000t\000h\000e\000s\000e\000\040\000t\000e\000s\000t\000e\000n}{section.23}% 114
\BOOKMARK [3][-]{subsubsection.23.3.1}{\376\377\000T\000e\000s\000t\000\040\000v\000a\000n\000\040\000e\000e\000n\000\040\000h\000y\000p\000o\000t\000h\000e\000s\000e\000\040\000o\000v\000e\000r\000\040\000h\000e\000t\000\040\000g\000e\000m\000i\000d\000d\000e\000l\000d\000e\000\040\000v\000a\000n\000\040\000e\000e\000n\000\040\000n\000o\000r\000m\000a\000a\000l\000v\000e\000r\000d\000e\000l\000i\000n\000g}{subsection.23.3}% 115
\BOOKMARK [3][-]{subsubsection.23.3.2}{\376\377\000T\000e\000s\000t\000\040\000v\000a\000n\000\040\000e\000e\000n\000\040\000h\000y\000p\000o\000t\000h\000e\000s\000e\000\040\000o\000v\000e\000r\000\040\000e\000e\000n\000\040\000p\000o\000p\000u\000l\000a\000t\000i\000e\000p\000r\000o\000p\000o\000r\000t\000i\000e}{subsection.23.3}% 116
\BOOKMARK [3][-]{subsubsection.23.3.3}{\376\377\000T\000e\000s\000t\000\040\000v\000a\000n\000\040\000e\000e\000n\000\040\000h\000y\000p\000o\000t\000h\000e\000s\000e\000\040\000o\000v\000e\000r\000\040\000h\000e\000t\000\040\000g\000e\000m\000i\000d\000d\000e\000l\000d\000e\000\040\000v\000a\000n\000\040\000e\000e\000n\000\040\000n\000o\000r\000m\000a\000a\000l\000v\000e\000r\000d\000e\000l\000i\000n\000g\000\040\000v\000i\000a\000\040\000d\000e\000\040\000P\000-\000w\000a\000a\000r\000d\000e}{subsection.23.3}% 117
\BOOKMARK [3][-]{subsubsection.23.3.4}{\376\377\000T\000e\000s\000t\000\040\000v\000a\000n\000\040\000e\000e\000n\000\040\000h\000y\000p\000o\000t\000h\000e\000s\000e\000\040\000o\000v\000e\000r\000\040\000e\000e\000n\000\040\000p\000o\000p\000u\000l\000a\000t\000i\000e\000p\000r\000o\000p\000o\000r\000t\000i\000e\000\040\000v\000i\000a\000\040\000d\000e\000\040\000P\000-\000w\000a\000a\000r\000d\000e}{subsection.23.3}% 118
\BOOKMARK [3][-]{subsubsection.23.3.5}{\376\377\000s\000i\000g\000n\000i\000f\000i\000c\000a\000n\000t\000i\000e\000n\000i\000v\000e\000a\000u\000\040\000\050\000-\000w\000a\000a\000r\000d\000e\000\051\000\040\000:\000\040\000s\000o\000c\000i\000a\000a\000l\000\040\0000\000,\0000\0005\000\040\000/\000\040\000m\000e\000d\000i\000s\000c\000h\000\040\0000\000,\0000\0001}{subsection.23.3}% 119
\BOOKMARK [3][-]{subsubsection.23.3.6}{\376\377\000C\000h\000i\000-\000s\000q\000u\000a\000r\000e\000\040\000t\000e\000s\000t}{subsection.23.3}% 120
\BOOKMARK [2][-]{subsection.23.4}{\376\377\000Z\000-\000t\000a\000b\000e\000l}{section.23}% 121
\BOOKMARK [1][-]{section.24}{\376\377\000D\000i\000v\000e\000r\000s\000e\000n}{}% 122
\BOOKMARK [2][-]{subsection.24.1}{\376\377\000W\000i\000s\000k\000u\000n\000d\000i\000g\000e\000\040\000s\000y\000m\000b\000o\000l\000e\000n\000\040\000\050\000I\000S\000O\000\040\0003\0001\000/\000X\000I\000\051}{section.24}% 123
\BOOKMARK [3][-]{subsubsection.24.1.1}{\376\377\000V\000e\000r\000z\000a\000m\000e\000l\000i\000n\000g\000e\000n}{subsection.24.1}% 124
\BOOKMARK [3][-]{subsubsection.24.1.2}{\376\377\000L\000o\000g\000i\000s\000c\000h\000e\000\040\000s\000y\000m\000b\000o\000l\000e\000n}{subsection.24.1}% 125
\BOOKMARK [3][-]{subsubsection.24.1.3}{\376\377\000D\000i\000v\000e\000r\000s\000e\000\040\000s\000y\000m\000b\000o\000l\000e\000n}{subsection.24.1}% 126
\BOOKMARK [3][-]{subsubsection.24.1.4}{\376\377\000B\000e\000w\000e\000r\000k\000i\000n\000g\000e\000n}{subsection.24.1}% 127
\BOOKMARK [3][-]{subsubsection.24.1.5}{\376\377\000F\000u\000n\000c\000t\000i\000e\000s}{subsection.24.1}% 128
\BOOKMARK [3][-]{subsubsection.24.1.6}{\376\377\000E\000x\000p\000o\000n\000e\000n\000t\000i\000\353\000l\000e\000\040\000e\000n\000\040\000l\000o\000g\000a\000r\000i\000t\000m\000i\000s\000c\000h\000e\000\040\000f\000u\000n\000c\000t\000i\000e\000s}{subsection.24.1}% 129
\BOOKMARK [3][-]{subsubsection.24.1.7}{\376\377\000g\000o\000n\000i\000o\000m\000e\000t\000r\000i\000s\000c\000h\000e\000\040\000f\000u\000n\000c\000t\000i\000e\000s}{subsection.24.1}% 130
\BOOKMARK [3][-]{subsubsection.24.1.8}{\376\377\000C\000o\000m\000p\000l\000e\000x\000e\000\040\000g\000e\000t\000a\000l\000l\000e\000n}{subsection.24.1}% 131
\BOOKMARK [2][-]{subsection.24.2}{\376\377\000E\000e\000n\000h\000e\000d\000e\000n\000\040\000e\000n\000\040\000h\000u\000n\000\040\000v\000e\000e\000l\000v\000o\000u\000d\000e\000n}{section.24}% 132
\BOOKMARK [2][-]{subsection.24.3}{\376\377\000G\000r\000i\000e\000k\000s\000e\000\040\000a\000l\000f\000a\000b\000e\000t}{section.24}% 133
\BOOKMARK [1][-]{section.25}{\376\377\000H\000e\000t\000\040\000a\000a\000n\000p\000a\000k\000k\000e\000n\000\040\000v\000a\000n\000\040\000p\000r\000o\000b\000l\000e\000m\000e\000n}{}% 134
